[  674224ms] [ERROR] Failed to load resource: net::ERR_CONNECTION_REFUSED @ http://localhost:3456/registry?_rsc=1fdll:0
[  674224ms] [ERROR] Failed to fetch RSC payload for http://localhost:3456/registry. Falling back to browser navigation. TypeError: Failed to fetch
    at f (http://localhost:3456/_next/static/chunks/117-4440b6456aaae739.js:1:45433)
    at http://localhost:3456/_next/static/chunks/117-4440b6456aaae739.js:1:58959
    at Object.u [as task] (http://localhost:3456/_next/static/chunks/117-4440b6456aaae739.js:1:31834)
    at c.s (http://localhost:3456/_next/static/chunks/117-4440b6456aaae739.js:1:32539)
    at c.enqueue (http://localhost:3456/_next/static/chunks/117-4440b6456aaae739.js:1:31964)
    at s (http://localhost:3456/_next/static/chunks/117-4440b6456aaae739.js:1:58922)
    at i (http://localhost:3456/_next/static/chunks/117-4440b6456aaae739.js:1:58462)
    at a (http://localhost:3456/_next/static/chunks/117-4440b6456aaae739.js:1:65251)
    at f (http://localhost:3456/_next/static/chunks/117-4440b6456aaae739.js:1:75111)
    at Object.action (http://localhost:3456/_next/static/chunks/117-4440b6456aaae739.js:2:7082) @ http://localhost:3456/_next/static/chunks/117-4440b6456aaae739.js:0
[  674656ms] [ERROR] Failed to load resource: net::ERR_CONNECTION_REFUSED @ http://localhost:3456/rsvp?_rsc=1fdll:0
[  674656ms] [ERROR] Failed to fetch RSC payload for http://localhost:3456/rsvp. Falling back to browser navigation. TypeError: Failed to fetch
    at f (http://localhost:3456/_next/static/chunks/117-4440b6456aaae739.js:1:45433)
    at http://localhost:3456/_next/static/chunks/117-4440b6456aaae739.js:1:58959
    at Object.u [as task] (http://localhost:3456/_next/static/chunks/117-4440b6456aaae739.js:1:31834)
    at c.s (http://localhost:3456/_next/static/chunks/117-4440b6456aaae739.js:1:32539)
    at c.enqueue (http://localhost:3456/_next/static/chunks/117-4440b6456aaae739.js:1:31964)
    at s (http://localhost:3456/_next/static/chunks/117-4440b6456aaae739.js:1:58922)
    at i (http://localhost:3456/_next/static/chunks/117-4440b6456aaae739.js:1:58462)
    at a (http://localhost:3456/_next/static/chunks/117-4440b6456aaae739.js:1:65251)
    at f (http://localhost:3456/_next/static/chunks/117-4440b6456aaae739.js:1:75111)
    at Object.action (http://localhost:3456/_next/static/chunks/117-4440b6456aaae739.js:2:7082) @ http://localhost:3456/_next/static/chunks/117-4440b6456aaae739.js:0
[  674789ms] [ERROR] Failed to load resource: net::ERR_CONNECTION_REFUSED @ http://localhost:3456/guestbook?_rsc=1fdll:0
[  674789ms] [ERROR] Failed to fetch RSC payload for http://localhost:3456/guestbook. Falling back to browser navigation. TypeError: Failed to fetch
    at f (http://localhost:3456/_next/static/chunks/117-4440b6456aaae739.js:1:45433)
    at http://localhost:3456/_next/static/chunks/117-4440b6456aaae739.js:1:58959
    at Object.u [as task] (http://localhost:3456/_next/static/chunks/117-4440b6456aaae739.js:1:31834)
    at c.s (http://localhost:3456/_next/static/chunks/117-4440b6456aaae739.js:1:32539)
    at c.enqueue (http://localhost:3456/_next/static/chunks/117-4440b6456aaae739.js:1:31964)
    at s (http://localhost:3456/_next/static/chunks/117-4440b6456aaae739.js:1:58922)
    at i (http://localhost:3456/_next/static/chunks/117-4440b6456aaae739.js:1:58462)
    at a (http://localhost:3456/_next/static/chunks/117-4440b6456aaae739.js:1:65251)
    at f (http://localhost:3456/_next/static/chunks/117-4440b6456aaae739.js:1:75111)
    at Object.action (http://localhost:3456/_next/static/chunks/117-4440b6456aaae739.js:2:7082) @ http://localhost:3456/_next/static/chunks/117-4440b6456aaae739.js:0
